{
    "tests": [
        {
            "name": "Public Tests",
            "visibility": "visible",
            "output": "q0-Your-Name results:\n    q0-Your-Name - 1 message: It does not appear that you entered your information correctly. Please try again.\n\n    q0-Your-Name - 1 result:\n        \u274c Test case failed\n        Trying:\n            def get_local_part(email):\n                return email.split('@')[0]\n        Expecting nothing\n        ok\n        Trying:\n            local_part_email = get_local_part(drexel_email)\n        Expecting nothing\n        **********************************************************************\n        Line 3, in q0-Your-Name 0\n        Failed example:\n            local_part_email = get_local_part(drexel_email)\n        Exception raised:\n            Traceback (most recent call last):\n              File \"/usr/lib/python3.10/doctest.py\", line 1350, in __run\n                exec(compile(example.source, filename, \"single\",\n              File \"<doctest q0-Your-Name 0[1]>\", line 1, in <module>\n                local_part_email = get_local_part(drexel_email)\n              File \"<doctest q0-Your-Name 0[0]>\", line 2, in get_local_part\n                return email.split('@')[0]\n            AttributeError: 'ellipsis' object has no attribute 'split'\n        Trying:\n            assert local_part_email == drexel_id, f\"The DrexelID extracted from the email '{local_part_email}' does not match the Drexel ID '{drexel_id}'.\"\n        Expecting nothing\n        **********************************************************************\n        Line 4, in q0-Your-Name 0\n        Failed example:\n            assert local_part_email == drexel_id, f\"The DrexelID extracted from the email '{local_part_email}' does not match the Drexel ID '{drexel_id}'.\"\n        Exception raised:\n            Traceback (most recent call last):\n              File \"/usr/lib/python3.10/doctest.py\", line 1350, in __run\n                exec(compile(example.source, filename, \"single\",\n              File \"<doctest q0-Your-Name 0[2]>\", line 1, in <module>\n                assert local_part_email == drexel_id, f\"The DrexelID extracted from the email '{local_part_email}' does not match the Drexel ID '{drexel_id}'.\"\n            NameError: name 'local_part_email' is not defined\n\nq1-Make Your Branded Shirt results:\n    q1-Make Your Branded Shirt - 1 message: Color random incorrectly implemented.\n\n    q1-Make Your Branded Shirt - 1 result:\n        \u274c Test case failed\n        Trying:\n            np.random.seed(42)\n        Expecting nothing\n        **********************************************************************\n        Line 1, in q1-Make Your Branded Shirt 0\n        Failed example:\n            np.random.seed(42)\n        Exception raised:\n            Traceback (most recent call last):\n              File \"/usr/lib/python3.10/doctest.py\", line 1350, in __run\n                exec(compile(example.source, filename, \"single\",\n              File \"<doctest q1-Make Your Branded Shirt 0[0]>\", line 1, in <module>\n                np.random.seed(42)\n            NameError: name 'np' is not defined\n        Trying:\n            shirt = your_branded_shirt(42)\n        Expecting nothing\n        **********************************************************************\n        Line 2, in q1-Make Your Branded Shirt 0\n        Failed example:\n            shirt = your_branded_shirt(42)\n        Exception raised:\n            Traceback (most recent call last):\n              File \"/usr/lib/python3.10/doctest.py\", line 1350, in __run\n                exec(compile(example.source, filename, \"single\",\n              File \"<doctest q1-Make Your Branded Shirt 0[1]>\", line 1, in <module>\n                shirt = your_branded_shirt(42)\n            NameError: name 'your_branded_shirt' is not defined\n        Trying:\n            assert all([102, 179, 92] == shirt.color_random())\n        Expecting nothing\n        **********************************************************************\n        Line 3, in q1-Make Your Branded Shirt 0\n        Failed example:\n            assert all([102, 179, 92] == shirt.color_random())\n        Exception raised:\n            Traceback (most recent call last):\n              File \"/usr/lib/python3.10/doctest.py\", line 1350, in __run\n                exec(compile(example.source, filename, \"single\",\n              File \"<doctest q1-Make Your Branded Shirt 0[2]>\", line 1, in <module>\n                assert all([102, 179, 92] == shirt.color_random())\n            NameError: name 'shirt' is not defined\n\n    q1-Make Your Branded Shirt - 2 message: rgb_to_hex random incorrectly implemented.\n\n    q1-Make Your Branded Shirt - 2 result:\n        \u274c Test case failed\n        Trying:\n            np.random.seed(50)\n        Expecting nothing\n        **********************************************************************\n        Line 1, in q1-Make Your Branded Shirt 1\n        Failed example:\n            np.random.seed(50)\n        Exception raised:\n            Traceback (most recent call last):\n              File \"/usr/lib/python3.10/doctest.py\", line 1350, in __run\n                exec(compile(example.source, filename, \"single\",\n              File \"<doctest q1-Make Your Branded Shirt 1[0]>\", line 1, in <module>\n                np.random.seed(50)\n            NameError: name 'np' is not defined\n        Trying:\n            shirt = your_branded_shirt(validation=True)\n        Expecting nothing\n        **********************************************************************\n        Line 2, in q1-Make Your Branded Shirt 1\n        Failed example:\n            shirt = your_branded_shirt(validation=True)\n        Exception raised:\n            Traceback (most recent call last):\n              File \"/usr/lib/python3.10/doctest.py\", line 1350, in __run\n                exec(compile(example.source, filename, \"single\",\n              File \"<doctest q1-Make Your Branded Shirt 1[1]>\", line 1, in <module>\n                shirt = your_branded_shirt(validation=True)\n            NameError: name 'your_branded_shirt' is not defined\n        Trying:\n            color = shirt.color_random()\n        Expecting nothing\n        **********************************************************************\n        Line 3, in q1-Make Your Branded Shirt 1\n        Failed example:\n            color = shirt.color_random()\n        Exception raised:\n            Traceback (most recent call last):\n              File \"/usr/lib/python3.10/doctest.py\", line 1350, in __run\n                exec(compile(example.source, filename, \"single\",\n              File \"<doctest q1-Make Your Branded Shirt 1[2]>\", line 1, in <module>\n                color = shirt.color_random()\n            NameError: name 'shirt' is not defined\n        Trying:\n            assert 'b0e08b' == shirt.rgb_to_hex((color[0], color[1], color[2]))\n        Expecting nothing\n        **********************************************************************\n        Line 4, in q1-Make Your Branded Shirt 1\n        Failed example:\n            assert 'b0e08b' == shirt.rgb_to_hex((color[0], color[1], color[2]))\n        Exception raised:\n            Traceback (most recent call last):\n              File \"/usr/lib/python3.10/doctest.py\", line 1350, in __run\n                exec(compile(example.source, filename, \"single\",\n              File \"<doctest q1-Make Your Branded Shirt 1[3]>\", line 1, in <module>\n                assert 'b0e08b' == shirt.rgb_to_hex((color[0], color[1], color[2]))\n            NameError: name 'shirt' is not defined\n\n    q1-Make Your Branded Shirt - 3 message: multicolor_image random incorrectly implemented.\n\n    q1-Make Your Branded Shirt - 3 result:\n        \u274c Test case failed\n        Trying:\n            np.random.seed(39)\n        Expecting nothing\n        **********************************************************************\n        Line 1, in q1-Make Your Branded Shirt 2\n        Failed example:\n            np.random.seed(39)\n        Exception raised:\n            Traceback (most recent call last):\n              File \"/usr/lib/python3.10/doctest.py\", line 1350, in __run\n                exec(compile(example.source, filename, \"single\",\n              File \"<doctest q1-Make Your Branded Shirt 2[0]>\", line 1, in <module>\n                np.random.seed(39)\n            NameError: name 'np' is not defined\n        Trying:\n            shirt = your_branded_shirt(39)\n        Expecting nothing\n        **********************************************************************\n        Line 2, in q1-Make Your Branded Shirt 2\n        Failed example:\n            shirt = your_branded_shirt(39)\n        Exception raised:\n            Traceback (most recent call last):\n              File \"/usr/lib/python3.10/doctest.py\", line 1350, in __run\n                exec(compile(example.source, filename, \"single\",\n              File \"<doctest q1-Make Your Branded Shirt 2[1]>\", line 1, in <module>\n                shirt = your_branded_shirt(39)\n            NameError: name 'your_branded_shirt' is not defined\n        Trying:\n            assert shirt.multicolor_image('Drexel', 40).flatten().sum() == 430370\n        Expecting nothing\n        **********************************************************************\n        Line 3, in q1-Make Your Branded Shirt 2\n        Failed example:\n            assert shirt.multicolor_image('Drexel', 40).flatten().sum() == 430370\n        Exception raised:\n            Traceback (most recent call last):\n              File \"/usr/lib/python3.10/doctest.py\", line 1350, in __run\n                exec(compile(example.source, filename, \"single\",\n              File \"<doctest q1-Make Your Branded Shirt 2[2]>\", line 1, in <module>\n                assert shirt.multicolor_image('Drexel', 40).flatten().sum() == 430370\n            NameError: name 'shirt' is not defined\n\n    q1-Make Your Branded Shirt - 4 message: text_phantom random incorrectly implemented.\n\n    q1-Make Your Branded Shirt - 4 result:\n        \u274c Test case failed\n        Trying:\n            np.random.seed(63)\n        Expecting nothing\n        **********************************************************************\n        Line 1, in q1-Make Your Branded Shirt 3\n        Failed example:\n            np.random.seed(63)\n        Exception raised:\n            Traceback (most recent call last):\n              File \"/usr/lib/python3.10/doctest.py\", line 1350, in __run\n                exec(compile(example.source, filename, \"single\",\n              File \"<doctest q1-Make Your Branded Shirt 3[0]>\", line 1, in <module>\n                np.random.seed(63)\n            NameError: name 'np' is not defined\n        Trying:\n            shirt = your_branded_shirt()\n        Expecting nothing\n        **********************************************************************\n        Line 2, in q1-Make Your Branded Shirt 3\n        Failed example:\n            shirt = your_branded_shirt()\n        Exception raised:\n            Traceback (most recent call last):\n              File \"/usr/lib/python3.10/doctest.py\", line 1350, in __run\n                exec(compile(example.source, filename, \"single\",\n              File \"<doctest q1-Make Your Branded Shirt 3[1]>\", line 1, in <module>\n                shirt = your_branded_shirt()\n            NameError: name 'your_branded_shirt' is not defined\n        Trying:\n            assert 211 == np.max(shirt.text_phantom('Engr_131', 40))\n        Expecting nothing\n        **********************************************************************\n        Line 3, in q1-Make Your Branded Shirt 3\n        Failed example:\n            assert 211 == np.max(shirt.text_phantom('Engr_131', 40))\n        Exception raised:\n            Traceback (most recent call last):\n              File \"/usr/lib/python3.10/doctest.py\", line 1350, in __run\n                exec(compile(example.source, filename, \"single\",\n              File \"<doctest q1-Make Your Branded Shirt 3[2]>\", line 1, in <module>\n                assert 211 == np.max(shirt.text_phantom('Engr_131', 40))\n            NameError: name 'np' is not defined",
            "status": "failed"
        },
        {
            "name": "q0-Your-Name",
            "score": 0,
            "max_score": 5,
            "visibility": "hidden",
            "output": "q0-Your-Name results:\n    q0-Your-Name - 1 message: It does not appear that you entered your information correctly. Please try again.\n\n    q0-Your-Name - 1 result:\n        \u274c Test case failed\n        Trying:\n            def get_local_part(email):\n                return email.split('@')[0]\n        Expecting nothing\n        ok\n        Trying:\n            local_part_email = get_local_part(drexel_email)\n        Expecting nothing\n        **********************************************************************\n        Line 3, in q0-Your-Name 0\n        Failed example:\n            local_part_email = get_local_part(drexel_email)\n        Exception raised:\n            Traceback (most recent call last):\n              File \"/usr/lib/python3.10/doctest.py\", line 1350, in __run\n                exec(compile(example.source, filename, \"single\",\n              File \"<doctest q0-Your-Name 0[1]>\", line 1, in <module>\n                local_part_email = get_local_part(drexel_email)\n              File \"<doctest q0-Your-Name 0[0]>\", line 2, in get_local_part\n                return email.split('@')[0]\n            AttributeError: 'ellipsis' object has no attribute 'split'\n        Trying:\n            assert local_part_email == drexel_id, f\"The DrexelID extracted from the email '{local_part_email}' does not match the Drexel ID '{drexel_id}'.\"\n        Expecting nothing\n        **********************************************************************\n        Line 4, in q0-Your-Name 0\n        Failed example:\n            assert local_part_email == drexel_id, f\"The DrexelID extracted from the email '{local_part_email}' does not match the Drexel ID '{drexel_id}'.\"\n        Exception raised:\n            Traceback (most recent call last):\n              File \"/usr/lib/python3.10/doctest.py\", line 1350, in __run\n                exec(compile(example.source, filename, \"single\",\n              File \"<doctest q0-Your-Name 0[2]>\", line 1, in <module>\n                assert local_part_email == drexel_id, f\"The DrexelID extracted from the email '{local_part_email}' does not match the Drexel ID '{drexel_id}'.\"\n            NameError: name 'local_part_email' is not defined\n\n    q0-Your-Name - 2 message: Student information not properly extracted.\n\n    q0-Your-Name - 2 result:\n        \u274c Test case failed\n        Trying:\n            def get_local_part(email):\n                return email.split('@')[0]\n        Expecting nothing\n        ok\n        Trying:\n            local_part_email = get_local_part(drexel_email)\n        Expecting nothing\n        **********************************************************************\n        Line 3, in q0-Your-Name 1\n        Failed example:\n            local_part_email = get_local_part(drexel_email)\n        Exception raised:\n            Traceback (most recent call last):\n              File \"/usr/lib/python3.10/doctest.py\", line 1350, in __run\n                exec(compile(example.source, filename, \"single\",\n              File \"<doctest q0-Your-Name 1[1]>\", line 1, in <module>\n                local_part_email = get_local_part(drexel_email)\n              File \"<doctest q0-Your-Name 1[0]>\", line 2, in get_local_part\n                return email.split('@')[0]\n            AttributeError: 'ellipsis' object has no attribute 'split'\n        Trying:\n            assert local_part_email == drexel_id, f\"The DrexelID extracted from the email '{local_part_email}' does not match the Drexel ID '{drexel_id}'.\"\n        Expecting nothing\n        **********************************************************************\n        Line 4, in q0-Your-Name 1\n        Failed example:\n            assert local_part_email == drexel_id, f\"The DrexelID extracted from the email '{local_part_email}' does not match the Drexel ID '{drexel_id}'.\"\n        Exception raised:\n            Traceback (most recent call last):\n              File \"/usr/lib/python3.10/doctest.py\", line 1350, in __run\n                exec(compile(example.source, filename, \"single\",\n              File \"<doctest q0-Your-Name 1[2]>\", line 1, in <module>\n                assert local_part_email == drexel_id, f\"The DrexelID extracted from the email '{local_part_email}' does not match the Drexel ID '{drexel_id}'.\"\n            NameError: name 'local_part_email' is not defined\n        Trying:\n            if local_part_email == drexel_id:\n                import json\n                student_data = {'first_name': first_name, 'last_name': last_name, 'drexel_id': drexel_id, 'drexel_email': drexel_email}\n                with open('student_data.json', 'w') as json_file:\n                    json.dump(student_data, json_file)\n        Expecting nothing\n        **********************************************************************\n        Line 5, in q0-Your-Name 1\n        Failed example:\n            if local_part_email == drexel_id:\n                import json\n                student_data = {'first_name': first_name, 'last_name': last_name, 'drexel_id': drexel_id, 'drexel_email': drexel_email}\n                with open('student_data.json', 'w') as json_file:\n                    json.dump(student_data, json_file)\n        Exception raised:\n            Traceback (most recent call last):\n              File \"/usr/lib/python3.10/doctest.py\", line 1350, in __run\n                exec(compile(example.source, filename, \"single\",\n              File \"<doctest q0-Your-Name 1[3]>\", line 1, in <module>\n                if local_part_email == drexel_id:\n            NameError: name 'local_part_email' is not defined"
        },
        {
            "name": "q1-Make Your Branded Shirt",
            "score": 0,
            "max_score": 10,
            "visibility": "hidden",
            "output": "q1-Make Your Branded Shirt results:\n    q1-Make Your Branded Shirt - 1 message: Color random incorrectly implemented.\n\n    q1-Make Your Branded Shirt - 1 result:\n        \u274c Test case failed\n        Trying:\n            np.random.seed(42)\n        Expecting nothing\n        **********************************************************************\n        Line 1, in q1-Make Your Branded Shirt 0\n        Failed example:\n            np.random.seed(42)\n        Exception raised:\n            Traceback (most recent call last):\n              File \"/usr/lib/python3.10/doctest.py\", line 1350, in __run\n                exec(compile(example.source, filename, \"single\",\n              File \"<doctest q1-Make Your Branded Shirt 0[0]>\", line 1, in <module>\n                np.random.seed(42)\n            NameError: name 'np' is not defined\n        Trying:\n            shirt = your_branded_shirt(42)\n        Expecting nothing\n        **********************************************************************\n        Line 2, in q1-Make Your Branded Shirt 0\n        Failed example:\n            shirt = your_branded_shirt(42)\n        Exception raised:\n            Traceback (most recent call last):\n              File \"/usr/lib/python3.10/doctest.py\", line 1350, in __run\n                exec(compile(example.source, filename, \"single\",\n              File \"<doctest q1-Make Your Branded Shirt 0[1]>\", line 1, in <module>\n                shirt = your_branded_shirt(42)\n            NameError: name 'your_branded_shirt' is not defined\n        Trying:\n            assert all([102, 179, 92] == shirt.color_random())\n        Expecting nothing\n        **********************************************************************\n        Line 3, in q1-Make Your Branded Shirt 0\n        Failed example:\n            assert all([102, 179, 92] == shirt.color_random())\n        Exception raised:\n            Traceback (most recent call last):\n              File \"/usr/lib/python3.10/doctest.py\", line 1350, in __run\n                exec(compile(example.source, filename, \"single\",\n              File \"<doctest q1-Make Your Branded Shirt 0[2]>\", line 1, in <module>\n                assert all([102, 179, 92] == shirt.color_random())\n            NameError: name 'shirt' is not defined\n\n    q1-Make Your Branded Shirt - 2 message: rgb_to_hex random incorrectly implemented.\n\n    q1-Make Your Branded Shirt - 2 result:\n        \u274c Test case failed\n        Trying:\n            np.random.seed(50)\n        Expecting nothing\n        **********************************************************************\n        Line 1, in q1-Make Your Branded Shirt 1\n        Failed example:\n            np.random.seed(50)\n        Exception raised:\n            Traceback (most recent call last):\n              File \"/usr/lib/python3.10/doctest.py\", line 1350, in __run\n                exec(compile(example.source, filename, \"single\",\n              File \"<doctest q1-Make Your Branded Shirt 1[0]>\", line 1, in <module>\n                np.random.seed(50)\n            NameError: name 'np' is not defined\n        Trying:\n            shirt = your_branded_shirt(validation=True)\n        Expecting nothing\n        **********************************************************************\n        Line 2, in q1-Make Your Branded Shirt 1\n        Failed example:\n            shirt = your_branded_shirt(validation=True)\n        Exception raised:\n            Traceback (most recent call last):\n              File \"/usr/lib/python3.10/doctest.py\", line 1350, in __run\n                exec(compile(example.source, filename, \"single\",\n              File \"<doctest q1-Make Your Branded Shirt 1[1]>\", line 1, in <module>\n                shirt = your_branded_shirt(validation=True)\n            NameError: name 'your_branded_shirt' is not defined\n        Trying:\n            color = shirt.color_random()\n        Expecting nothing\n        **********************************************************************\n        Line 3, in q1-Make Your Branded Shirt 1\n        Failed example:\n            color = shirt.color_random()\n        Exception raised:\n            Traceback (most recent call last):\n              File \"/usr/lib/python3.10/doctest.py\", line 1350, in __run\n                exec(compile(example.source, filename, \"single\",\n              File \"<doctest q1-Make Your Branded Shirt 1[2]>\", line 1, in <module>\n                color = shirt.color_random()\n            NameError: name 'shirt' is not defined\n        Trying:\n            assert 'b0e08b' == shirt.rgb_to_hex((color[0], color[1], color[2]))\n        Expecting nothing\n        **********************************************************************\n        Line 4, in q1-Make Your Branded Shirt 1\n        Failed example:\n            assert 'b0e08b' == shirt.rgb_to_hex((color[0], color[1], color[2]))\n        Exception raised:\n            Traceback (most recent call last):\n              File \"/usr/lib/python3.10/doctest.py\", line 1350, in __run\n                exec(compile(example.source, filename, \"single\",\n              File \"<doctest q1-Make Your Branded Shirt 1[3]>\", line 1, in <module>\n                assert 'b0e08b' == shirt.rgb_to_hex((color[0], color[1], color[2]))\n            NameError: name 'shirt' is not defined\n\n    q1-Make Your Branded Shirt - 3 message: multicolor_image random incorrectly implemented.\n\n    q1-Make Your Branded Shirt - 3 result:\n        \u274c Test case failed\n        Trying:\n            np.random.seed(39)\n        Expecting nothing\n        **********************************************************************\n        Line 1, in q1-Make Your Branded Shirt 2\n        Failed example:\n            np.random.seed(39)\n        Exception raised:\n            Traceback (most recent call last):\n              File \"/usr/lib/python3.10/doctest.py\", line 1350, in __run\n                exec(compile(example.source, filename, \"single\",\n              File \"<doctest q1-Make Your Branded Shirt 2[0]>\", line 1, in <module>\n                np.random.seed(39)\n            NameError: name 'np' is not defined\n        Trying:\n            shirt = your_branded_shirt(39)\n        Expecting nothing\n        **********************************************************************\n        Line 2, in q1-Make Your Branded Shirt 2\n        Failed example:\n            shirt = your_branded_shirt(39)\n        Exception raised:\n            Traceback (most recent call last):\n              File \"/usr/lib/python3.10/doctest.py\", line 1350, in __run\n                exec(compile(example.source, filename, \"single\",\n              File \"<doctest q1-Make Your Branded Shirt 2[1]>\", line 1, in <module>\n                shirt = your_branded_shirt(39)\n            NameError: name 'your_branded_shirt' is not defined\n        Trying:\n            assert shirt.multicolor_image('Drexel', 40).flatten().sum() == 430370\n        Expecting nothing\n        **********************************************************************\n        Line 3, in q1-Make Your Branded Shirt 2\n        Failed example:\n            assert shirt.multicolor_image('Drexel', 40).flatten().sum() == 430370\n        Exception raised:\n            Traceback (most recent call last):\n              File \"/usr/lib/python3.10/doctest.py\", line 1350, in __run\n                exec(compile(example.source, filename, \"single\",\n              File \"<doctest q1-Make Your Branded Shirt 2[2]>\", line 1, in <module>\n                assert shirt.multicolor_image('Drexel', 40).flatten().sum() == 430370\n            NameError: name 'shirt' is not defined\n\n    q1-Make Your Branded Shirt - 4 message: text_phantom random incorrectly implemented.\n\n    q1-Make Your Branded Shirt - 4 result:\n        \u274c Test case failed\n        Trying:\n            np.random.seed(63)\n        Expecting nothing\n        **********************************************************************\n        Line 1, in q1-Make Your Branded Shirt 3\n        Failed example:\n            np.random.seed(63)\n        Exception raised:\n            Traceback (most recent call last):\n              File \"/usr/lib/python3.10/doctest.py\", line 1350, in __run\n                exec(compile(example.source, filename, \"single\",\n              File \"<doctest q1-Make Your Branded Shirt 3[0]>\", line 1, in <module>\n                np.random.seed(63)\n            NameError: name 'np' is not defined\n        Trying:\n            shirt = your_branded_shirt()\n        Expecting nothing\n        **********************************************************************\n        Line 2, in q1-Make Your Branded Shirt 3\n        Failed example:\n            shirt = your_branded_shirt()\n        Exception raised:\n            Traceback (most recent call last):\n              File \"/usr/lib/python3.10/doctest.py\", line 1350, in __run\n                exec(compile(example.source, filename, \"single\",\n              File \"<doctest q1-Make Your Branded Shirt 3[1]>\", line 1, in <module>\n                shirt = your_branded_shirt()\n            NameError: name 'your_branded_shirt' is not defined\n        Trying:\n            assert 211 == np.max(shirt.text_phantom('Engr_131', 40))\n        Expecting nothing\n        **********************************************************************\n        Line 3, in q1-Make Your Branded Shirt 3\n        Failed example:\n            assert 211 == np.max(shirt.text_phantom('Engr_131', 40))\n        Exception raised:\n            Traceback (most recent call last):\n              File \"/usr/lib/python3.10/doctest.py\", line 1350, in __run\n                exec(compile(example.source, filename, \"single\",\n              File \"<doctest q1-Make Your Branded Shirt 3[2]>\", line 1, in <module>\n                assert 211 == np.max(shirt.text_phantom('Engr_131', 40))\n            NameError: name 'np' is not defined\n\n    q1-Make Your Branded Shirt - 5 message: text_phantom random incorrectly implemented.\n\n    q1-Make Your Branded Shirt - 5 result:\n        \u274c Test case failed\n        Trying:\n            np.random.seed(63)\n        Expecting nothing\n        **********************************************************************\n        Line 1, in q1-Make Your Branded Shirt 4\n        Failed example:\n            np.random.seed(63)\n        Exception raised:\n            Traceback (most recent call last):\n              File \"/usr/lib/python3.10/doctest.py\", line 1350, in __run\n                exec(compile(example.source, filename, \"single\",\n              File \"<doctest q1-Make Your Branded Shirt 4[0]>\", line 1, in <module>\n                np.random.seed(63)\n            NameError: name 'np' is not defined\n        Trying:\n            shirt = your_branded_shirt(validation=True)\n        Expecting nothing\n        **********************************************************************\n        Line 2, in q1-Make Your Branded Shirt 4\n        Failed example:\n            shirt = your_branded_shirt(validation=True)\n        Exception raised:\n            Traceback (most recent call last):\n              File \"/usr/lib/python3.10/doctest.py\", line 1350, in __run\n                exec(compile(example.source, filename, \"single\",\n              File \"<doctest q1-Make Your Branded Shirt 4[1]>\", line 1, in <module>\n                shirt = your_branded_shirt(validation=True)\n            NameError: name 'your_branded_shirt' is not defined\n        Trying:\n            assert 19656315 == shirt.build_image('Engr_131').flatten().sum()\n        Expecting nothing\n        **********************************************************************\n        Line 3, in q1-Make Your Branded Shirt 4\n        Failed example:\n            assert 19656315 == shirt.build_image('Engr_131').flatten().sum()\n        Exception raised:\n            Traceback (most recent call last):\n              File \"/usr/lib/python3.10/doctest.py\", line 1350, in __run\n                exec(compile(example.source, filename, \"single\",\n              File \"<doctest q1-Make Your Branded Shirt 4[2]>\", line 1, in <module>\n                assert 19656315 == shirt.build_image('Engr_131').flatten().sum()\n            NameError: name 'shirt' is not defined"
        }
    ]
}